0 info it worked if it ends with ok
1 verbose cli [ 'node',
1 verbose cli   '/usr/local/bin/npm',
1 verbose cli   'install',
1 verbose cli   '-g',
1 verbose cli   'imagemin-gifsicle',
1 verbose cli   '--save-dev' ]
2 info using npm@1.4.28
3 info using node@v0.10.33
4 verbose cache add [ 'imagemin-gifsicle', null ]
5 verbose cache add name=undefined spec="imagemin-gifsicle" args=["imagemin-gifsicle",null]
6 verbose parsed url { protocol: null,
6 verbose parsed url   slashes: null,
6 verbose parsed url   auth: null,
6 verbose parsed url   host: null,
6 verbose parsed url   port: null,
6 verbose parsed url   hostname: null,
6 verbose parsed url   hash: null,
6 verbose parsed url   search: null,
6 verbose parsed url   query: null,
6 verbose parsed url   pathname: 'imagemin-gifsicle',
6 verbose parsed url   path: 'imagemin-gifsicle',
6 verbose parsed url   href: 'imagemin-gifsicle' }
7 silly lockFile d62c03ec-imagemin-gifsicle imagemin-gifsicle
8 verbose lock imagemin-gifsicle /Users/karltaylor/.npm/d62c03ec-imagemin-gifsicle.lock
9 silly lockFile d62c03ec-imagemin-gifsicle imagemin-gifsicle
10 silly lockFile d62c03ec-imagemin-gifsicle imagemin-gifsicle
11 verbose addNamed [ 'imagemin-gifsicle', '' ]
12 verbose addNamed [ null, '*' ]
13 silly lockFile dcc3b55f-imagemin-gifsicle imagemin-gifsicle@
14 verbose lock imagemin-gifsicle@ /Users/karltaylor/.npm/dcc3b55f-imagemin-gifsicle.lock
15 silly addNameRange { name: 'imagemin-gifsicle', range: '*', hasData: false }
16 verbose request where is /imagemin-gifsicle
17 verbose request registry https://registry.npmjs.org/
18 verbose request id 7964a7c563e55f78
19 verbose url raw /imagemin-gifsicle
20 verbose url resolving [ 'https://registry.npmjs.org/', './imagemin-gifsicle' ]
21 verbose url resolved https://registry.npmjs.org/imagemin-gifsicle
22 verbose request where is https://registry.npmjs.org/imagemin-gifsicle
23 info trying registry request attempt 1 at 23:46:40
24 verbose etag "9V5YBYG1TV4W1K0QN5127ST31"
25 http GET https://registry.npmjs.org/imagemin-gifsicle
26 http 304 https://registry.npmjs.org/imagemin-gifsicle
27 silly registry.get cb [ 304,
27 silly registry.get   { date: 'Fri, 06 Feb 2015 18:16:41 GMT',
27 silly registry.get     server: 'Apache',
27 silly registry.get     via: '1.1 varnish',
27 silly registry.get     'last-modified': 'Fri, 06 Feb 2015 18:16:41 GMT',
27 silly registry.get     'cache-control': 'max-age=60',
27 silly registry.get     etag: '"9V5YBYG1TV4W1K0QN5127ST31"',
27 silly registry.get     age: '0',
27 silly registry.get     'x-served-by': 'cache-sn87-SIN',
27 silly registry.get     'x-cache': 'HIT',
27 silly registry.get     'x-cache-hits': '1',
27 silly registry.get     'x-timer': 'S1423246601.218730,VS0,VE248',
27 silly registry.get     vary: 'Accept',
27 silly registry.get     'content-length': '0',
27 silly registry.get     'keep-alive': 'timeout=10, max=50',
27 silly registry.get     connection: 'Keep-Alive' } ]
28 verbose etag https://registry.npmjs.org/imagemin-gifsicle from cache
29 silly addNameRange number 2 { name: 'imagemin-gifsicle', range: '*', hasData: true }
30 silly addNameRange versions [ 'imagemin-gifsicle',
30 silly addNameRange   [ '0.1.0',
30 silly addNameRange     '0.1.1',
30 silly addNameRange     '1.0.0',
30 silly addNameRange     '2.0.0',
30 silly addNameRange     '2.0.1',
30 silly addNameRange     '3.0.0',
30 silly addNameRange     '3.1.0',
30 silly addNameRange     '4.0.0',
30 silly addNameRange     '4.1.0' ] ]
31 verbose addNamed [ 'imagemin-gifsicle', '4.1.0' ]
32 verbose addNamed [ '4.1.0', '4.1.0' ]
33 silly lockFile 90040437-imagemin-gifsicle-4-1-0 imagemin-gifsicle@4.1.0
34 verbose lock imagemin-gifsicle@4.1.0 /Users/karltaylor/.npm/90040437-imagemin-gifsicle-4-1-0.lock
35 silly lockFile 90040437-imagemin-gifsicle-4-1-0 imagemin-gifsicle@4.1.0
36 silly lockFile 90040437-imagemin-gifsicle-4-1-0 imagemin-gifsicle@4.1.0
37 silly lockFile dcc3b55f-imagemin-gifsicle imagemin-gifsicle@
38 silly lockFile dcc3b55f-imagemin-gifsicle imagemin-gifsicle@
39 silly resolved [ { name: 'imagemin-gifsicle',
39 silly resolved     version: '4.1.0',
39 silly resolved     description: 'gifsicle imagemin plugin',
39 silly resolved     license: 'MIT',
39 silly resolved     repository:
39 silly resolved      { type: 'git',
39 silly resolved        url: 'https://github.com/imagemin/imagemin-gifsicle' },
39 silly resolved     author:
39 silly resolved      { name: 'Kevin Mårtensson',
39 silly resolved        email: 'kevinmartensson@gmail.com',
39 silly resolved        url: 'https://github.com/kevva' },
39 silly resolved     engines: { node: '>=0.10.0' },
39 silly resolved     scripts: { test: 'node test/test.js' },
39 silly resolved     files: [ 'index.js' ],
39 silly resolved     keywords:
39 silly resolved      [ 'compress',
39 silly resolved        'gif',
39 silly resolved        'gifsicle',
39 silly resolved        'gulpplugin',
39 silly resolved        'image',
39 silly resolved        'imageminplugin',
39 silly resolved        'img',
39 silly resolved        'minify',
39 silly resolved        'optimize' ],
39 silly resolved     dependencies: { gifsicle: '^2.0.0', 'is-gif': '^1.0.0', through2: '^0.6.1' },
39 silly resolved     devDependencies: { ava: '^0.0.4', 'vinyl-file': '^1.1.0' },
39 silly resolved     gitHead: '65d82db0282df14d76d95836a95210c280906c95',
39 silly resolved     bugs: { url: 'https://github.com/imagemin/imagemin-gifsicle/issues' },
39 silly resolved     homepage: 'https://github.com/imagemin/imagemin-gifsicle',
39 silly resolved     _id: 'imagemin-gifsicle@4.1.0',
39 silly resolved     _shasum: 'c9eb9fbdce68ada1019f04e1e44633ae626263d3',
39 silly resolved     _from: 'imagemin-gifsicle@',
39 silly resolved     _npmVersion: '2.0.0',
39 silly resolved     _npmUser: { name: 'kevva', email: 'kevinmartensson@gmail.com' },
39 silly resolved     maintainers: [ [Object], [Object] ],
39 silly resolved     dist:
39 silly resolved      { shasum: 'c9eb9fbdce68ada1019f04e1e44633ae626263d3',
39 silly resolved        tarball: 'http://registry.npmjs.org/imagemin-gifsicle/-/imagemin-gifsicle-4.1.0.tgz' },
39 silly resolved     directories: {},
39 silly resolved     _resolved: 'https://registry.npmjs.org/imagemin-gifsicle/-/imagemin-gifsicle-4.1.0.tgz',
39 silly resolved     readme: 'ERROR: No README data found!' } ]
40 info install imagemin-gifsicle@4.1.0 into /usr/local/lib
41 info installOne imagemin-gifsicle@4.1.0
42 verbose lib/node_modules/imagemin-gifsicle unbuild
43 verbose tar unpack /Users/karltaylor/.npm/imagemin-gifsicle/4.1.0/package.tgz
44 silly lockFile b71350ba-b-node-modules-imagemin-gifsicle tar:///usr/local/lib/node_modules/imagemin-gifsicle
45 verbose lock tar:///usr/local/lib/node_modules/imagemin-gifsicle /Users/karltaylor/.npm/b71350ba-b-node-modules-imagemin-gifsicle.lock
46 silly lockFile f99f23cf-gemin-gifsicle-4-1-0-package-tgz tar:///Users/karltaylor/.npm/imagemin-gifsicle/4.1.0/package.tgz
47 verbose lock tar:///Users/karltaylor/.npm/imagemin-gifsicle/4.1.0/package.tgz /Users/karltaylor/.npm/f99f23cf-gemin-gifsicle-4-1-0-package-tgz.lock
48 silly gunzTarPerm modes [ '755', '644' ]
49 error Error: EACCES, mkdir '/usr/local/lib/node_modules/imagemin-gifsicle'
49 error  { [Error: EACCES, mkdir '/usr/local/lib/node_modules/imagemin-gifsicle']
49 error   errno: 3,
49 error   code: 'EACCES',
49 error   path: '/usr/local/lib/node_modules/imagemin-gifsicle',
49 error   fstream_type: 'Directory',
49 error   fstream_path: '/usr/local/lib/node_modules/imagemin-gifsicle',
49 error   fstream_class: 'DirWriter',
49 error   fstream_stack:
49 error    [ '/usr/local/lib/node_modules/npm/node_modules/fstream/lib/dir-writer.js:36:23',
49 error      '/usr/local/lib/node_modules/npm/node_modules/mkdirp/index.js:46:53',
49 error      'Object.oncomplete (fs.js:107:15)' ] }
50 error Please try running this command again as root/Administrator.
51 error System Darwin 14.1.0
52 error command "node" "/usr/local/bin/npm" "install" "-g" "imagemin-gifsicle" "--save-dev"
53 error cwd /Users/karltaylor/Documents/francecaravan variants/francecaravan/website/assets/libs
54 error node -v v0.10.33
55 error npm -v 1.4.28
56 error path /usr/local/lib/node_modules/imagemin-gifsicle
57 error fstream_path /usr/local/lib/node_modules/imagemin-gifsicle
58 error fstream_type Directory
59 error fstream_class DirWriter
60 error code EACCES
61 error errno 3
62 error stack Error: EACCES, mkdir '/usr/local/lib/node_modules/imagemin-gifsicle'
63 error fstream_stack /usr/local/lib/node_modules/npm/node_modules/fstream/lib/dir-writer.js:36:23
63 error fstream_stack /usr/local/lib/node_modules/npm/node_modules/mkdirp/index.js:46:53
63 error fstream_stack Object.oncomplete (fs.js:107:15)
64 verbose exit [ 3, true ]
